#
# There is insufficient memory for the Java Runtime Environment to continue.
# Native memory allocation (malloc) failed to allocate 1048576 bytes for AllocateHeap
# Possible reasons:
#   The system is out of physical RAM or swap space
#   The process is running with CompressedOops enabled, and the Java Heap may be blocking the growth of the native heap
# Possible solutions:
#   Reduce memory load on the system
#   Increase physical memory or swap space
#   Check if swap backing store is full
#   Decrease Java heap size (-Xmx/-Xms)
#   Decrease number of Java threads
#   Decrease Java thread stack sizes (-Xss)
#   Set larger code cache with -XX:ReservedCodeCacheSize=
#   JVM is running with Unscaled Compressed Oops mode in which the Java heap is
#     placed in the first 4GB address space. The Java Heap base address is the
#     maximum limit for the native heap growth. Please use -XX:HeapBaseMinAddress
#     to set the Java Heap base and to place the Java Heap above 4GB virtual address.
# This output file may be truncated or incomplete.
#
#  Out of Memory Error (memory/allocation.inline.hpp:61), pid=11252, tid=0x0000000000002d34
#
# JRE version:  (8.0_201-b09) (build )
# Java VM: Java HotSpot(TM) 64-Bit Server VM (25.201-b09 mixed mode windows-amd64 compressed oops)
# Failed to write core dump. Minidumps are not enabled by default on client versions of Windows
#

---------------  T H R E A D  ---------------

Current thread (0x00000000026bd800):  JavaThread "Unknown thread" [_thread_in_vm, id=11572, stack(0x0000000002730000,0x0000000002830000)]

Stack: [0x0000000002730000,0x0000000002830000]
[error occurred during error reporting (printing stack bounds), id 0xc0000005]

Native frames: (J=compiled Java code, j=interpreted, Vv=VM code, C=native code)


---------------  P R O C E S S  ---------------

Java Threads: ( => current thread )

Other Threads:

=>0x00000000026bd800 (exited) JavaThread "Unknown thread" [_thread_in_vm, id=11572, stack(0x0000000002730000,0x0000000002830000)]

VM state:not at safepoint (normal execution)

VM Mutex/Monitor currently owned by a thread: None

heap address: 0x00000000c1400000, size: 1004 MB, Compressed Oops mode: 32-bit
Narrow klass base: 0x0000000000000000, Narrow klass shift: 3
Compressed class space size: 1073741824 Address: 0x0000000100000000

Heap:
 PSYoungGen      total 18944K, used 327K [0x00000000eb180000, 0x00000000ec680000, 0x0000000100000000)
  eden space 16384K, 2% used [0x00000000eb180000,0x00000000eb1d1ec8,0x00000000ec180000)
  from space 2560K, 0% used [0x00000000ec400000,0x00000000ec400000,0x00000000ec680000)
  to   space 2560K, 0% used [0x00000000ec180000,0x00000000ec180000,0x00000000ec400000)
 ParOldGen       total 44032K, used 0K [0x00000000c1400000, 0x00000000c3f00000, 0x00000000eb180000)
  object space 44032K, 0% used [0x00000000c1400000,0x00000000c1400000,0x00000000c3f00000)
 Metaspace       used 775K, capacity 4480K, committed 4480K, reserved 1056768K
  class space    used 76K, capacity 384K, committed 384K, reserved 1048576K

Card table byte_map: [0x0000000011cf0000,0x0000000011ef0000] byte_map_base: 0x00000000116e6000

Marking Bits: (ParMarkBitMap*) 0x0000000056e04ce0
 Begin Bits: [0x0000000012440000, 0x00000000133f0000)
 End Bits:   [0x00000000133f0000, 0x00000000143a0000)

Polling page: 0x0000000000dd0000

CodeCache: size=245760Kb used=328Kb max_used=328Kb free=245431Kb
 bounds [0x0000000002930000, 0x0000000002ba0000, 0x0000000011930000]
 total_blobs=58 nmethods=0 adapters=38
 compilation: enabled

Compilation events (0 events):
No events

GC Heap History (0 events):
No events

Deoptimization events (0 events):
No events

Classes redefined (0 events):
No events

Internal exceptions (0 events):
No events

Events (10 events):
Event: 0.040 loading class java/lang/Short
Event: 0.040 loading class java/lang/Short done
Event: 0.040 loading class java/lang/Integer
Event: 0.040 loading class java/lang/Integer done
Event: 0.040 loading class java/lang/Long
Event: 0.040 loading class java/lang/Long done
Event: 0.041 loading class java/lang/NullPointerException
Event: 0.041 loading class java/lang/NullPointerException done
Event: 0.041 loading class java/lang/ArithmeticException
Event: 0.041 loading class java/lang/ArithmeticException done


Dynamic libraries:
0x00007ff744e30000 - 0x00007ff744e67000 	C:\Program Files\Java\jdk1.8.0_201\bin\java.exe
0x00007ffa510e0000 - 0x00007ffa512d0000 	C:\WINDOWS\SYSTEM32\ntdll.dll
0x00007ffa3a960000 - 0x00007ffa3a974000 	C:\Program Files\AVAST Software\Avast\aswhook.dll
0x00007ffa50e40000 - 0x00007ffa50ef2000 	C:\WINDOWS\System32\KERNEL32.DLL
0x00007ffa4e200000 - 0x00007ffa4e4a3000 	C:\WINDOWS\System32\KERNELBASE.dll
0x00007ffa50f80000 - 0x00007ffa51023000 	C:\WINDOWS\System32\ADVAPI32.dll
0x00007ffa4fcb0000 - 0x00007ffa4fd4e000 	C:\WINDOWS\System32\msvcrt.dll
0x00007ffa50770000 - 0x00007ffa50807000 	C:\WINDOWS\System32\sechost.dll
0x00007ffa50c90000 - 0x00007ffa50db0000 	C:\WINDOWS\System32\RPCRT4.dll
0x00007ffa4f5f0000 - 0x00007ffa4f784000 	C:\WINDOWS\System32\USER32.dll
0x00007ffa4eff0000 - 0x00007ffa4f011000 	C:\WINDOWS\System32\win32u.dll
0x00007ffa50db0000 - 0x00007ffa50dd6000 	C:\WINDOWS\System32\GDI32.dll
0x00007ffa4ec30000 - 0x00007ffa4edc4000 	C:\WINDOWS\System32\gdi32full.dll
0x00007ffa4edd0000 - 0x00007ffa4ee6e000 	C:\WINDOWS\System32\msvcp_win.dll
0x00007ffa4ee70000 - 0x00007ffa4ef6a000 	C:\WINDOWS\System32\ucrtbase.dll
0x00007ffa3fd20000 - 0x00007ffa3ffa5000 	C:\WINDOWS\WinSxS\amd64_microsoft.windows.common-controls_6595b64144ccf1df_6.0.18362.535_none_e6c3b34713100821\COMCTL32.dll
0x00007ffa50820000 - 0x00007ffa50b56000 	C:\WINDOWS\System32\combase.dll
0x00007ffa4ef70000 - 0x00007ffa4eff0000 	C:\WINDOWS\System32\bcryptPrimitives.dll
0x00007ffa50050000 - 0x00007ffa5007e000 	C:\WINDOWS\System32\IMM32.DLL
0x0000000056500000 - 0x00000000565d1000 	C:\Program Files\Java\jdk1.8.0_201\jre\bin\msvcr100.dll
0x00000000565e0000 - 0x0000000056e84000 	C:\Program Files\Java\jdk1.8.0_201\jre\bin\server\jvm.dll
0x00007ffa50040000 - 0x00007ffa50048000 	C:\WINDOWS\System32\PSAPI.DLL
0x00007ffa44820000 - 0x00007ffa44829000 	C:\WINDOWS\SYSTEM32\WSOCK32.dll
0x00007ffa51030000 - 0x00007ffa5109f000 	C:\WINDOWS\System32\WS2_32.dll
0x00007ffa43950000 - 0x00007ffa43974000 	C:\WINDOWS\SYSTEM32\WINMM.dll
0x00007ffa483f0000 - 0x00007ffa483fa000 	C:\WINDOWS\SYSTEM32\VERSION.dll
0x00007ffa43920000 - 0x00007ffa4394d000 	C:\WINDOWS\SYSTEM32\WINMMBASE.dll
0x00007ffa4e1b0000 - 0x00007ffa4e1fa000 	C:\WINDOWS\System32\cfgmgr32.dll
0x00007ffa31fd0000 - 0x00007ffa31fdf000 	C:\Program Files\Java\jdk1.8.0_201\jre\bin\verify.dll
0x00007ffa245e0000 - 0x00007ffa24609000 	C:\Program Files\Java\jdk1.8.0_201\jre\bin\java.dll
0x00007ffa245c0000 - 0x00007ffa245d6000 	C:\Program Files\Java\jdk1.8.0_201\jre\bin\zip.dll

VM Arguments:
jvm_args: -Dfile.encoding=UTF-8 
java_command: PBOII
java_class_path (initial): C:\Program Files\NetBeans 8.2\java\modules\ext\AbsoluteLayout.jar;C:\Program Files\NetBeans 8.2\ide\modules\ext\mysql-connector-java-5.1.23-bin.jar;C:\Users\ALDI\Documents\NetBeansProjects\PBOII\build\classes
Launcher Type: SUN_STANDARD

Environment Variables:
JAVA_HOME=C:\Program Files\Java\jdk-11.0.1
PATH=C:\Program Files (x86)\Common Files\Oracle\Java\javapath;C:\Windows\system32;C:\Windows;C:\Windows\System32\Wbem;C:\Windows\System32\WindowsPowerShell\v1.0\;C:\Program Files (x86)\Common Files\lenovo\easyplussdk\bin;C:\Program Files (x86)\NVIDIA Corporation\PhysX\Common;C:\WINDOWS\system32;C:\WINDOWS;C:\WINDOWS\System32\Wbem;C:\WINDOWS\System32\WindowsPowerShell\v1.0\;C:\Program Files\Java\jdk-11.0.1\bin;C:\WINDOWS\System32\OpenSSH\;C:\Users\ALDI\AppData\Local\Microsoft\WindowsApps;
USERNAME=ALDI
OS=Windows_NT
PROCESSOR_IDENTIFIER=Intel64 Family 6 Model 61 Stepping 4, GenuineIntel



---------------  S Y S T E M  ---------------

OS: Windows 10.0 , 64 bit Build 18362 (10.0.18362.329)

CPU:total 4 (initial active 4) (2 cores per cpu, 2 threads per core) family 6 model 61 stepping 4, cmov, cx8, fxsr, mmx, sse, sse2, sse3, ssse3, sse4.1, sse4.2, popcnt, avx, avx2, aes, clmul, erms, 3dnowpref, lzcnt, ht, tsc, tscinvbit, bmi1, bmi2, adx

Memory: 4k page, physical 4104452k(287588k free), swap 16687364k(4176k free)

vm_info: Java HotSpot(TM) 64-Bit Server VM (25.201-b09) for windows-amd64 JRE (1.8.0_201-b09), built on Dec 15 2018 18:36:39 by "java_re" with MS VC++ 10.0 (VS2010)

time: Wed Dec 11 19:48:52 2019
timezone: SE Asia Standard Time
elapsed time: 0 seconds (0d 0h 0m 0s)

